INFO 2020-10-27 08:59:10,547 ---登录功能开始---
INFO 2020-10-27 08:59:10,688 ---输入用户名---admin
INFO 2020-10-27 08:59:10,813 ---输入密码---123456
INFO 2020-10-27 08:59:11,415 ---点击登录---
INFO 2020-10-27 09:04:37,736 ---登录功能开始---
INFO 2020-10-27 09:04:37,899 ---输入用户名---admin
INFO 2020-10-27 09:04:38,031 ---输入密码---123456
INFO 2020-10-27 09:04:38,391 ---点击登录---
INFO 2020-10-27 09:06:19,311 ---登录功能开始---
INFO 2020-10-27 09:06:19,448 ---输入用户名---admin
INFO 2020-10-27 09:06:19,535 ---输入密码---123456
INFO 2020-10-27 09:06:19,843 ---点击登录---
INFO 2020-10-27 09:20:38,668 ---登录功能开始---
INFO 2020-10-27 09:20:38,801 ---输入用户名---admin
INFO 2020-10-27 09:20:38,906 ---输入密码---123456
INFO 2020-10-27 09:20:39,182 ---点击登录---
INFO 2020-10-27 09:24:56,769 ---登录功能开始---
INFO 2020-10-27 09:24:56,911 ---输入用户名---admin
INFO 2020-10-27 09:24:57,025 ---输入密码---123456
INFO 2020-10-27 09:24:57,385 ---点击登录---
INFO 2020-10-27 09:29:19,472 ---登录功能开始---
INFO 2020-10-27 09:29:19,603 ---输入用户名---admin
INFO 2020-10-27 09:29:19,691 ---输入密码---123456
INFO 2020-10-27 09:29:19,994 ---点击登录---
INFO 2020-10-27 10:10:06,633 ---登录功能开始---
INFO 2020-10-27 10:10:06,773 ---输入用户名---admin
INFO 2020-10-27 10:10:06,861 ---输入密码---123456
INFO 2020-10-27 10:10:07,157 ---点击登录---
INFO 2020-10-27 10:55:57,645 ---登录功能开始---
INFO 2020-10-27 10:55:57,817 ---输入用户名---admin
INFO 2020-10-27 10:55:57,945 ---输入密码---123456
INFO 2020-10-27 10:55:58,378 ---点击登录---
INFO 2020-10-27 10:57:30,890 ---登录功能开始---
INFO 2020-10-27 10:57:30,975 ---输入用户名---admin
INFO 2020-10-27 10:57:31,062 ---输入密码---123456
INFO 2020-10-27 10:57:31,412 ---点击登录---
INFO 2020-10-27 11:00:31,750 ---登录功能开始---
INFO 2020-10-27 11:00:31,896 ---输入用户名---admin
INFO 2020-10-27 11:00:31,983 ---输入密码---123456
INFO 2020-10-27 11:00:32,240 ---点击登录---
INFO 2020-10-27 11:04:03,593 ---登录功能开始---
INFO 2020-10-27 11:04:03,742 ---输入用户名---admin
INFO 2020-10-27 11:04:03,842 ---输入密码---123456
INFO 2020-10-27 11:04:04,199 ---点击登录---
INFO 2020-10-27 11:07:31,325 ---登录功能开始---
INFO 2020-10-27 11:07:31,454 ---输入用户名---admin
INFO 2020-10-27 11:07:31,550 ---输入密码---123456
INFO 2020-10-27 11:07:31,842 ---点击登录---
INFO 2020-10-27 11:07:34,848 change frame
INFO 2020-10-27 11:10:44,361 ---登录功能开始---
INFO 2020-10-27 11:10:44,509 ---输入用户名---admin
INFO 2020-10-27 11:10:44,592 ---输入密码---123456
INFO 2020-10-27 11:10:44,861 ---点击登录---
INFO 2020-10-27 11:10:47,868 change frame
INFO 2020-10-27 11:13:08,294 ---登录功能开始---
INFO 2020-10-27 11:13:08,451 ---输入用户名---admin
INFO 2020-10-27 11:13:08,543 ---输入密码---123456
INFO 2020-10-27 11:13:08,820 ---点击登录---
INFO 2020-10-27 11:13:11,828 change frame
INFO 2020-10-27 11:15:01,253 ---登录功能开始---
INFO 2020-10-27 11:15:01,414 ---输入用户名---admin
INFO 2020-10-27 11:15:01,523 ---输入密码---123456
INFO 2020-10-27 11:15:01,833 ---点击登录---
INFO 2020-10-27 11:15:04,838 change frame
INFO 2020-10-27 11:17:38,407 ---登录功能开始---
INFO 2020-10-27 11:17:38,532 ---输入用户名---admin
INFO 2020-10-27 11:17:38,623 ---输入密码---123456
INFO 2020-10-27 11:17:38,922 ---点击登录---
INFO 2020-10-27 11:17:41,928 change frame
INFO 2020-10-27 11:20:52,813 ---登录功能开始---
INFO 2020-10-27 11:20:52,949 ---输入用户名---admin
INFO 2020-10-27 11:20:53,042 ---输入密码---123456
INFO 2020-10-27 11:20:53,342 ---点击登录---
INFO 2020-10-27 11:20:56,348 change frame
INFO 2020-10-27 11:23:10,103 ---登录功能开始---
INFO 2020-10-27 11:23:20,117 ---输入用户名---admin
INFO 2020-10-27 11:23:30,176 ---输入密码---123456
INFO 2020-10-27 11:23:30,231 ---点击登录---
INFO 2020-10-27 11:23:33,248 change frame
INFO 2020-10-27 11:23:33,306 click button:客户信息
INFO 2020-10-27 11:23:43,361 select_customer_message finish
INFO 2020-10-27 11:23:43,362 change frame
INFO 2020-10-27 11:24:03,421 click element
INFO 2020-10-27 11:24:13,432 input customer_name:张三
INFO 2020-10-27 11:24:23,478 input customer_email:2020/10/11  18:49:14
INFO 2020-10-27 11:24:32,792 ---登录功能开始---
INFO 2020-10-27 11:24:32,943 ---输入用户名---admin
INFO 2020-10-27 11:24:33,045 ---输入密码---123456
INFO 2020-10-27 11:25:12,886 ---登录功能开始---
INFO 2020-10-27 11:25:12,991 ---输入用户名---admin
INFO 2020-10-27 11:25:13,068 ---输入密码---123456
INFO 2020-10-27 11:25:13,929 ---点击登录---
INFO 2020-10-27 11:25:16,936 change frame
INFO 2020-10-27 11:25:16,975 click button:客户信息
INFO 2020-10-27 11:25:17,078 select_customer_message finish
INFO 2020-10-27 11:25:17,078 change frame
INFO 2020-10-27 11:25:27,160 click element
INFO 2020-10-27 11:25:27,443 input customer_name:张三
INFO 2020-10-27 11:25:27,522 input customer_email:2020/10/11  18:49:14
INFO 2020-10-27 11:25:27,638 change readOnly
INFO 2020-10-27 11:27:21,036 ---登录功能开始---
INFO 2020-10-27 11:27:21,159 ---输入用户名---admin
INFO 2020-10-27 11:27:21,240 ---输入密码---123456
INFO 2020-10-27 11:27:21,540 ---点击登录---
INFO 2020-10-27 11:27:24,546 change frame
INFO 2020-10-27 11:27:24,581 click button:客户信息
INFO 2020-10-27 11:27:24,672 select_customer_message finish
INFO 2020-10-27 11:27:24,673 change frame
INFO 2020-10-27 11:27:34,720 click element
INFO 2020-10-27 11:27:34,973 input customer_name:张三
INFO 2020-10-27 11:27:35,058 input customer_email:2020/10/11  18:49:14
INFO 2020-10-27 11:27:35,157 change readOnly
INFO 2020-10-27 11:27:35,162 input custome_birthday:123456@qq.com
INFO 2020-10-27 11:27:35,252 input option_manager:张飞
INFO 2020-10-27 11:27:35,311 click element
INFO 2020-10-27 11:27:35,386 create_customer finish
INFO 2020-10-27 11:29:18,953 ---登录功能开始---
INFO 2020-10-27 11:29:19,104 ---输入用户名---admin
INFO 2020-10-27 11:29:19,187 ---输入密码---123456
INFO 2020-10-27 11:29:19,446 ---点击登录---
INFO 2020-10-27 11:29:22,456 change frame
INFO 2020-10-27 11:29:22,498 click button:客户信息
INFO 2020-10-27 11:29:22,603 select_customer_message finish
INFO 2020-10-27 11:29:22,604 change frame
INFO 2020-10-27 11:29:32,687 click element
INFO 2020-10-27 11:29:32,920 input customer_name:张三
INFO 2020-10-27 11:29:32,991 input customer_email:123456@qq.com
INFO 2020-10-27 11:29:33,064 change readOnly
INFO 2020-10-27 11:32:47,406 ---登录功能开始---
INFO 2020-10-27 11:32:47,536 ---输入用户名---admin
INFO 2020-10-27 11:32:47,642 ---输入密码---123456
INFO 2020-10-27 11:32:48,010 ---点击登录---
INFO 2020-10-27 11:32:51,017 change frame
INFO 2020-10-27 11:32:51,053 click button:客户信息
INFO 2020-10-27 11:32:51,156 select_customer_message finish
INFO 2020-10-27 11:32:51,157 change frame
INFO 2020-10-27 11:33:01,229 click element
INFO 2020-10-27 11:33:01,510 input customer_name:张三
INFO 2020-10-27 11:33:01,607 input customer_email:123456@qq.com
INFO 2020-10-27 11:33:01,712 change readOnly
INFO 2020-10-27 11:33:01,718 input custome_birthday:2020/10/11  18:49:14
INFO 2020-10-27 11:33:01,839 input option_manager:张飞
INFO 2020-10-27 11:33:01,903 click element
INFO 2020-10-27 11:33:02,025 create_customer finish
INFO 2020-10-27 11:35:18,501 ---登录功能开始---
INFO 2020-10-27 11:35:18,645 ---输入用户名---admin
INFO 2020-10-27 11:35:18,743 ---输入密码---123456
INFO 2020-10-27 11:35:19,045 ---点击登录---
INFO 2020-10-27 11:35:22,054 change frame
INFO 2020-10-27 11:35:22,113 click button:客户信息
INFO 2020-10-27 11:35:22,209 select_customer_message finish
INFO 2020-10-27 11:35:22,210 change frame
INFO 2020-10-27 11:35:32,279 click element
INFO 2020-10-27 11:35:32,568 input customer_name:张三
INFO 2020-10-27 11:35:32,651 input customer_email:123456@qq.com
INFO 2020-10-27 11:35:32,760 change readOnly
INFO 2020-10-27 11:35:32,767 input custome_birthday:2020/10/11  18:49:14
INFO 2020-10-27 11:35:32,855 input option_manager:张飞
INFO 2020-10-27 11:35:32,913 click element
INFO 2020-10-27 11:35:33,029 create_customer finish
INFO 2020-10-27 11:36:43,552 ---登录功能开始---
INFO 2020-10-27 11:36:43,718 ---输入用户名---admin
INFO 2020-10-27 11:36:43,830 ---输入密码---123456
INFO 2020-10-27 11:36:44,159 ---点击登录---
INFO 2020-10-27 11:36:47,166 change frame
INFO 2020-10-27 11:36:47,202 click button:客户信息
INFO 2020-10-27 11:36:47,296 select_customer_message finish
INFO 2020-10-27 11:36:47,296 change frame
INFO 2020-10-27 11:36:57,359 click element
INFO 2020-10-27 11:36:57,592 input customer_name:张三
INFO 2020-10-27 11:36:57,695 input customer_email:123456@qq.com
INFO 2020-10-27 11:36:57,791 change readOnly
INFO 2020-10-27 11:36:57,796 input custome_birthday:2020/10/11  18:49:14
INFO 2020-10-27 11:36:57,912 input option_manager:张飞
INFO 2020-10-27 11:36:57,979 click element
INFO 2020-10-27 11:36:58,096 create_customer finish
INFO 2020-10-27 11:37:54,933 ---登录功能开始---
INFO 2020-10-27 11:37:55,064 ---输入用户名---admin
INFO 2020-10-27 11:37:55,155 ---输入密码---123456
INFO 2020-10-27 11:37:55,441 ---点击登录---
INFO 2020-10-27 11:37:58,448 change frame
INFO 2020-10-27 11:37:58,480 click button:客户信息
INFO 2020-10-27 11:37:58,582 select_customer_message finish
INFO 2020-10-27 11:37:58,583 change frame
INFO 2020-10-27 11:38:08,729 click element
INFO 2020-10-27 11:38:08,988 input customer_name:张三
INFO 2020-10-27 11:38:09,072 input customer_email:123456@qq.com
INFO 2020-10-27 11:38:09,165 change readOnly
INFO 2020-10-27 11:38:09,172 input custome_birthday:2020/10/11  18:49:14
INFO 2020-10-27 11:38:09,277 input option_manager:张飞
INFO 2020-10-27 11:38:09,345 click element
INFO 2020-10-27 11:38:09,461 create_customer finish
INFO 2020-10-27 11:40:38,746 ---登录功能开始---
INFO 2020-10-27 11:40:38,857 ---输入用户名---admin
INFO 2020-10-27 11:40:38,937 ---输入密码---123456
INFO 2020-10-27 11:40:39,320 ---点击登录---
INFO 2020-10-27 11:40:42,326 change frame
INFO 2020-10-27 11:40:42,367 click button:客户信息
INFO 2020-10-27 11:40:42,466 select_customer_message finish
INFO 2020-10-27 11:40:42,466 change frame
INFO 2020-10-27 11:40:52,540 click element
INFO 2020-10-27 11:40:52,776 input customer_name:张三
INFO 2020-10-27 11:40:52,861 input customer_email:123456@qq.com
INFO 2020-10-27 11:40:52,954 change readOnly
INFO 2020-10-27 11:40:52,960 input custome_birthday:2020/10/11  18:49:14
INFO 2020-10-27 11:40:53,058 input option_manager:张飞
INFO 2020-10-27 11:40:53,114 click element
INFO 2020-10-27 11:40:53,220 create_customer finish
INFO 2020-10-27 11:47:54,288 ---登录功能开始---
INFO 2020-10-27 11:47:54,418 ---输入用户名---admin
INFO 2020-10-27 11:47:54,500 ---输入密码---123456
INFO 2020-10-27 11:47:54,784 ---点击登录---
INFO 2020-10-27 14:15:49,411 ---登录功能开始---
INFO 2020-10-27 14:15:49,529 ---输入用户名---admin
INFO 2020-10-27 14:15:49,612 ---输入密码---123456
INFO 2020-10-27 14:15:49,886 ---点击登录---
INFO 2020-10-27 14:18:19,210 ---登录功能开始---
INFO 2020-10-27 14:18:19,308 ---输入用户名---admin
INFO 2020-10-27 14:18:19,384 ---输入密码---123456
INFO 2020-10-27 14:18:20,163 ---点击登录---
INFO 2020-10-27 14:18:23,178 change frame
INFO 2020-10-27 14:18:23,211 click button:客户信息
INFO 2020-10-27 14:18:23,318 select_customer_message finish
INFO 2020-10-27 14:18:23,319 change frame
INFO 2020-10-27 14:18:33,399 click update
INFO 2020-10-27 14:20:08,542 ---登录功能开始---
INFO 2020-10-27 14:20:08,665 ---输入用户名---admin
INFO 2020-10-27 14:20:08,746 ---输入密码---123456
INFO 2020-10-27 14:20:09,003 ---点击登录---
INFO 2020-10-27 14:20:12,015 change frame
INFO 2020-10-27 14:20:12,047 click button:客户信息
INFO 2020-10-27 14:20:12,132 select_customer_message finish
INFO 2020-10-27 14:20:12,133 change frame
INFO 2020-10-27 14:20:22,182 click update
INFO 2020-10-27 14:25:32,535 ---登录功能开始---
INFO 2020-10-27 14:25:32,687 ---输入用户名---admin
INFO 2020-10-27 14:25:32,781 ---输入密码---123456
INFO 2020-10-27 14:25:33,127 ---点击登录---
INFO 2020-10-27 14:25:36,137 change frame
INFO 2020-10-27 14:25:36,170 click button:客户信息
INFO 2020-10-27 14:25:36,256 select_customer_message finish
INFO 2020-10-27 14:25:36,257 change frame
INFO 2020-10-27 14:25:46,339 click update
INFO 2020-10-27 14:44:21,860 ---登录功能开始---
INFO 2020-10-27 14:44:22,047 ---输入用户名---admin
INFO 2020-10-27 14:44:22,172 ---输入密码---123456
INFO 2020-10-27 14:44:22,547 ---点击登录---
INFO 2020-10-27 14:44:25,560 change frame
INFO 2020-10-27 14:44:25,595 click button:客户信息
INFO 2020-10-27 14:44:25,701 select_customer_message finish
INFO 2020-10-27 14:44:25,702 change frame
INFO 2020-10-27 14:46:32,317 ---登录功能开始---
INFO 2020-10-27 14:46:32,435 ---输入用户名---admin
INFO 2020-10-27 14:46:32,503 ---输入密码---123456
INFO 2020-10-27 14:46:32,820 ---点击登录---
INFO 2020-10-27 14:46:35,833 change frame
INFO 2020-10-27 14:46:35,870 click button:客户信息
INFO 2020-10-27 14:46:35,987 select_customer_message finish
INFO 2020-10-27 14:46:35,987 change frame
INFO 2020-10-27 14:46:46,053 click update
INFO 2020-10-27 14:47:38,083 ---登录功能开始---
INFO 2020-10-27 14:47:38,235 ---输入用户名---admin
INFO 2020-10-27 14:47:38,326 ---输入密码---123456
INFO 2020-10-27 14:47:38,591 ---点击登录---
INFO 2020-10-27 14:47:41,603 change frame
INFO 2020-10-27 14:47:41,637 click button:客户信息
INFO 2020-10-27 14:47:41,723 select_customer_message finish
INFO 2020-10-27 14:47:41,725 change frame
INFO 2020-10-27 14:47:51,823 click update
INFO 2020-10-27 14:51:25,919 ---登录功能开始---
INFO 2020-10-27 14:51:26,066 ---输入用户名---admin
INFO 2020-10-27 14:51:26,147 ---输入密码---123456
INFO 2020-10-27 14:51:26,444 ---点击登录---
INFO 2020-10-27 14:51:29,459 change frame
INFO 2020-10-27 14:51:29,494 click button:客户信息
INFO 2020-10-27 14:51:29,595 select_customer_message finish
INFO 2020-10-27 14:51:29,596 change frame
INFO 2020-10-27 14:51:39,681 click update
INFO 2020-10-27 15:19:20,476 ---登录功能开始---
INFO 2020-10-27 15:19:20,578 ---输入用户名---admin
INFO 2020-10-27 15:19:20,682 ---输入密码---123456
INFO 2020-10-27 15:19:21,293 ---点击登录---
INFO 2020-10-27 15:19:32,989 ---登录功能开始---
INFO 2020-10-27 15:19:33,166 ---输入用户名---admin
INFO 2020-10-27 15:19:33,299 ---输入密码---123456
INFO 2020-10-27 15:19:33,942 ---点击登录---
INFO 2020-10-27 15:19:36,961 change frame
INFO 2020-10-27 15:19:37,006 click button:客户信息
INFO 2020-10-27 15:19:37,127 select_customer_message finish
INFO 2020-10-27 15:19:37,129 change frame
INFO 2020-10-27 15:19:47,201 click update
INFO 2020-10-27 15:20:41,503 ---登录功能开始---
INFO 2020-10-27 15:20:41,661 ---输入用户名---admin
INFO 2020-10-27 15:20:41,774 ---输入密码---123456
INFO 2020-10-27 15:20:42,210 ---点击登录---
INFO 2020-10-27 15:23:12,685 ---登录功能开始---
INFO 2020-10-27 15:23:12,837 ---输入用户名---admin
INFO 2020-10-27 15:23:12,961 ---输入密码---123456
INFO 2020-10-27 15:23:13,332 ---点击登录---
INFO 2020-10-27 15:26:35,292 ---登录功能开始---
INFO 2020-10-27 15:26:35,454 ---输入用户名---admin
INFO 2020-10-27 15:26:35,565 ---输入密码---123456
INFO 2020-10-27 15:26:35,893 ---点击登录---
INFO 2020-10-27 15:26:38,905 change frame
INFO 2020-10-27 15:26:38,940 click button:客户信息
INFO 2020-10-27 15:26:39,034 select_customer_message finish
INFO 2020-10-27 15:26:39,035 change frame
INFO 2020-10-27 15:26:49,076 click element
INFO 2020-10-27 15:26:49,304 input customer_name:张三
INFO 2020-10-27 15:26:49,398 input customer_email:123456@qq.com
INFO 2020-10-27 15:26:49,482 change readOnly
INFO 2020-10-27 15:26:49,487 input custome_birthday:2020/10/11  18:49:14
INFO 2020-10-27 15:26:49,588 input option_manager:张飞
INFO 2020-10-27 15:26:49,649 click element
INFO 2020-10-27 15:26:49,754 create_customer finish
INFO 2020-10-27 18:42:55,068 ---登录功能开始---
INFO 2020-10-27 18:42:55,174 ---输入用户名---admin
INFO 2020-10-27 18:42:55,257 ---输入密码---123456
INFO 2020-10-27 18:42:55,582 ---点击登录---
INFO 2020-10-27 18:42:58,592 change frame
INFO 2020-10-27 18:42:58,625 click button:客户信息
INFO 2020-10-27 18:42:58,724 select_customer_message finish
INFO 2020-10-27 18:42:58,725 change frame
INFO 2020-10-27 18:43:08,812 click update
INFO 2020-10-27 18:46:26,569 ---登录功能开始---
INFO 2020-10-27 18:46:26,717 ---输入用户名---admin
INFO 2020-10-27 18:46:26,810 ---输入密码---123456
INFO 2020-10-27 18:46:27,148 ---点击登录---
INFO 2020-10-27 18:46:30,158 change frame
INFO 2020-10-27 18:46:30,189 click button:客户信息
INFO 2020-10-27 18:46:30,275 select_customer_message finish
INFO 2020-10-27 18:46:30,277 change frame
INFO 2020-10-27 18:46:40,351 click update
INFO 2020-10-27 18:47:49,440 ---登录功能开始---
INFO 2020-10-27 18:47:49,556 ---输入用户名---admin
INFO 2020-10-27 18:47:49,638 ---输入密码---123456
INFO 2020-10-27 18:47:49,966 ---点击登录---
INFO 2020-10-27 18:47:52,976 change frame
INFO 2020-10-27 18:47:53,007 click button:客户信息
INFO 2020-10-27 18:47:53,095 select_customer_message finish
INFO 2020-10-27 18:47:53,096 change frame
INFO 2020-10-27 18:48:03,157 click update
INFO 2020-10-27 19:14:48,459 ---登录功能开始---
INFO 2020-10-27 19:14:48,567 ---输入用户名---admin
INFO 2020-10-27 19:14:48,632 ---输入密码---123456
INFO 2020-10-27 19:14:48,880 ---点击登录---
INFO 2020-10-27 19:14:51,891 change frame
INFO 2020-10-27 19:14:51,923 click button:客户信息
INFO 2020-10-27 19:14:52,015 select_customer_message finish
INFO 2020-10-27 19:14:52,016 change frame
INFO 2020-10-27 19:15:02,052 click update
INFO 2020-10-27 19:22:59,486 ---登录功能开始---
INFO 2020-10-27 19:22:59,591 ---输入用户名---admin
INFO 2020-10-27 19:22:59,671 ---输入密码---123456
INFO 2020-10-27 19:22:59,946 ---点击登录---
INFO 2020-10-27 19:23:02,957 change frame
INFO 2020-10-27 19:23:02,988 click button:客户信息
INFO 2020-10-27 19:23:03,073 select_customer_message finish
INFO 2020-10-27 19:23:03,074 change frame
INFO 2020-10-27 19:23:13,136 click update
INFO 2020-10-27 19:24:03,006 ---登录功能开始---
INFO 2020-10-27 19:24:03,129 ---输入用户名---admin
INFO 2020-10-27 19:24:03,202 ---输入密码---123456
INFO 2020-10-27 19:24:03,452 ---点击登录---
INFO 2020-10-27 19:24:06,463 change frame
INFO 2020-10-27 19:24:06,493 click button:客户信息
INFO 2020-10-27 19:24:06,586 select_customer_message finish
INFO 2020-10-27 19:24:06,587 change frame
INFO 2020-10-27 19:24:16,652 click update
INFO 2020-10-27 19:26:21,189 ---登录功能开始---
INFO 2020-10-27 19:26:21,308 ---输入用户名---admin
INFO 2020-10-27 19:26:21,395 ---输入密码---123456
INFO 2020-10-27 19:26:21,668 ---点击登录---
INFO 2020-10-27 19:26:24,677 change frame
INFO 2020-10-27 19:26:24,708 click button:客户信息
INFO 2020-10-27 19:26:24,796 select_customer_message finish
INFO 2020-10-27 19:26:24,797 change frame
INFO 2020-10-27 19:26:34,878 click update
INFO 2020-10-27 19:29:28,542 ---登录功能开始---
INFO 2020-10-27 19:29:28,675 ---输入用户名---admin
INFO 2020-10-27 19:29:28,756 ---输入密码---123456
INFO 2020-10-27 19:29:29,027 ---点击登录---
INFO 2020-10-27 19:29:32,038 change frame
INFO 2020-10-27 19:29:32,068 click button:客户信息
INFO 2020-10-27 19:29:32,156 select_customer_message finish
INFO 2020-10-27 19:29:32,156 change frame
INFO 2020-10-27 19:29:42,233 click element
INFO 2020-10-27 19:29:42,513 input customer_name:
INFO 2020-10-27 19:31:28,101 ---登录功能开始---
INFO 2020-10-27 19:31:28,226 ---输入用户名---admin
INFO 2020-10-27 19:31:28,306 ---输入密码---123456
INFO 2020-10-27 19:31:28,548 ---点击登录---
INFO 2020-10-27 19:31:31,560 change frame
INFO 2020-10-27 19:31:31,592 click button:客户信息
INFO 2020-10-27 19:31:31,686 select_customer_message finish
INFO 2020-10-27 19:31:31,687 change frame
INFO 2020-10-27 19:31:41,730 click update
INFO 2020-10-27 19:34:06,906 ---登录功能开始---
INFO 2020-10-27 19:34:07,006 ---输入用户名---admin
INFO 2020-10-27 19:34:07,089 ---输入密码---123456
INFO 2020-10-27 19:34:07,353 ---点击登录---
INFO 2020-10-27 19:34:10,363 change frame
INFO 2020-10-27 19:34:10,395 click button:客户信息
INFO 2020-10-27 19:34:10,479 select_customer_message finish
INFO 2020-10-27 19:34:10,480 change frame
INFO 2020-10-27 19:34:20,553 click update
