INFO 2020-10-26 19:23:27,902 ---登录功能开始---
INFO 2020-10-26 19:23:38,032 ---输入用户名---
INFO 2020-10-26 19:23:48,039 ---输入密码---
INFO 2020-10-26 19:23:48,090 ---点击登录---
INFO 2020-10-26 19:24:37,041 ---登录功能开始---
INFO 2020-10-26 19:24:47,093 ---输入用户名---
INFO 2020-10-26 19:24:57,106 ---输入密码---123
INFO 2020-10-26 19:24:57,177 ---点击登录---
INFO 2020-10-26 19:29:18,667 ---登录功能开始---
INFO 2020-10-26 19:29:18,757 ---输入用户名---admin12
INFO 2020-10-26 19:29:18,828 ---输入密码---123
INFO 2020-10-26 19:29:19,008 ---点击登录---
INFO 2020-10-26 19:29:26,785 ---登录功能开始---
INFO 2020-10-26 19:29:26,905 ---输入用户名---admin
INFO 2020-10-26 19:29:26,976 ---输入密码---
INFO 2020-10-26 19:29:27,035 ---点击登录---
INFO 2020-10-26 19:29:35,784 ---登录功能开始---
INFO 2020-10-26 19:29:35,894 ---输入用户名---admin
INFO 2020-10-26 19:29:35,973 ---输入密码---123456
INFO 2020-10-26 19:29:36,243 ---点击登录---
INFO 2020-10-26 19:29:43,847 ---登录功能开始---
INFO 2020-10-26 19:29:43,928 ---输入用户名---
INFO 2020-10-26 19:29:44,008 ---输入密码---123
INFO 2020-10-26 19:29:44,062 ---点击登录---
INFO 2020-10-26 19:29:51,749 ---登录功能开始---
INFO 2020-10-26 19:29:51,830 ---输入用户名---
INFO 2020-10-26 19:29:51,890 ---输入密码---
INFO 2020-10-26 19:29:51,943 ---点击登录---
INFO 2020-10-26 20:04:06,718 ---登录功能开始---
INFO 2020-10-26 20:04:06,842 ---输入用户名---admin
INFO 2020-10-26 20:04:06,915 ---输入密码---123456
INFO 2020-10-26 20:04:07,292 ---点击登录---
INFO 2020-10-26 20:05:30,609 ---登录功能开始---
INFO 2020-10-26 20:05:30,730 ---输入用户名---admin
INFO 2020-10-26 20:05:30,805 ---输入密码---123456
INFO 2020-10-26 20:05:31,063 ---点击登录---
INFO 2020-10-26 20:08:00,054 ---登录功能开始---
INFO 2020-10-26 20:08:00,196 ---输入用户名---admin
INFO 2020-10-26 20:08:00,273 ---输入密码---123456
INFO 2020-10-26 20:08:00,540 ---点击登录---
INFO 2020-10-26 20:10:06,668 ---登录功能开始---
INFO 2020-10-26 20:10:06,787 ---输入用户名---admin
INFO 2020-10-26 20:10:06,870 ---输入密码---123456
INFO 2020-10-26 20:10:07,150 ---点击登录---
INFO 2020-10-26 20:14:52,648 ---登录功能开始---
INFO 2020-10-26 20:14:52,778 ---输入用户名---admin
INFO 2020-10-26 20:14:52,881 ---输入密码---123456
INFO 2020-10-26 20:14:53,243 ---点击登录---
INFO 2020-10-26 20:19:32,922 ---登录功能开始---
INFO 2020-10-26 20:19:33,034 ---输入用户名---admin
INFO 2020-10-26 20:19:33,116 ---输入密码---123456
INFO 2020-10-26 20:19:33,361 ---点击登录---
INFO 2020-10-26 20:21:39,790 ---登录功能开始---
INFO 2020-10-26 20:21:39,944 ---输入用户名---admin
INFO 2020-10-26 20:21:40,038 ---输入密码---123456
INFO 2020-10-26 20:21:40,319 ---点击登录---
INFO 2020-10-26 20:22:22,929 ---登录功能开始---
INFO 2020-10-26 20:22:23,052 ---输入用户名---admin
INFO 2020-10-26 20:22:23,129 ---输入密码---123456
INFO 2020-10-26 20:22:23,401 ---点击登录---
INFO 2020-10-26 20:24:46,037 ---登录功能开始---
INFO 2020-10-26 20:24:46,170 ---输入用户名---admin
INFO 2020-10-26 20:24:46,241 ---输入密码---123456
INFO 2020-10-26 20:24:46,497 ---点击登录---
INFO 2020-10-26 20:25:45,551 ---登录功能开始---
INFO 2020-10-26 20:25:45,668 ---输入用户名---admin
INFO 2020-10-26 20:25:45,742 ---输入密码---123456
INFO 2020-10-26 20:25:45,985 ---点击登录---
INFO 2020-10-26 20:27:39,157 ---登录功能开始---
